INFO - 09/19/23 13:01:23 - 0:00:00 - Namespace(cuda='False', transcoder_path='', src_lang='python', tgt_lang='java', fragment_to_conv='None', threshold='0', data='/Users/antique/Desktop/transclone/storage/', subject_system='/Users/antique/Desktop/transclone/storage/systems/', root='/Users/antique/Desktop/transclone/', src_gmn_path='/Users/antique/Desktop/transclone/gmn/gmn_srcml_clcdsa.pt', pairs='/Users/antique/Desktop/transclone/storage/pairs.csv', systems_converted='/Users/antique/Desktop/transclone/storage/systems_converted/')
INFO - 09/19/23 13:01:28 - 0:00:05 - ============ Model Reloading
INFO - 09/19/23 13:01:28 - 0:00:05 - Reloading encoder from /Users/antique/Desktop/transclone/storage/pretrained/translator_transcoder_size_from_DOBF.pth ...
WARNING - 09/19/23 13:01:29 - 0:00:06 - Lang cpp_sa matched to pretrained cpp_sa lang embedding.
WARNING - 09/19/23 13:01:29 - 0:00:06 - Lang java_sa matched to pretrained java_sa lang embedding.
WARNING - 09/19/23 13:01:29 - 0:00:06 - Lang python_sa matched to pretrained python_sa lang embedding.
INFO - 09/19/23 13:01:29 - 0:00:07 - Reloading decoders from /Users/antique/Desktop/transclone/storage/pretrained/translator_transcoder_size_from_DOBF.pth ...
WARNING - 09/19/23 13:01:31 - 0:00:08 - Lang cpp_sa matched to pretrained cpp_sa lang embedding.
WARNING - 09/19/23 13:01:31 - 0:00:08 - Lang java_sa matched to pretrained java_sa lang embedding.
WARNING - 09/19/23 13:01:31 - 0:00:08 - Lang python_sa matched to pretrained python_sa lang embedding.
INFO - 09/19/23 13:01:31 - 0:00:08 - Number of parameters (encoder): 143279616
INFO - 09/19/23 13:01:31 - 0:00:08 - Number of parameters (decoders): 168482304
INFO - 09/19/23 13:01:31 - 0:00:08 - Number of decoders: 1

INFO - 09/19/23 13:01:31 - 0:00:08 - 
                                      Language not supported ******.DS_Store******
INFO - 09/19/23 13:01:31 - 0:00:08 - **** CONVERTED ALL FILES ****
INFO - 09/19/23 13:01:31 - 0:00:08 - **** ERRORS ARE SAVED IN: /Users/antique/Desktop/transclone/errors.txt ****
INFO - 09/19/23 13:01:31 - 0:00:08 - CONVERTING --> 3.java
INFO - 09/19/23 13:01:31 - 0:00:08 - CONVERTING --> 2.py
Loading codes from /Users/antique/Desktop/transclone/data/bpe/cpp-java-python/codes ...
Read 50000 codes from the codes file.
INFO - 09/19/23 13:01:48 - 0:00:25 - static final Scanner scanner = new Scanner ( System . in ) {
                                       @ Override public void next ( ) {
                                         String l = scanner . nextLine ( ) ;
                                         int n = Integer . parseInt ( l ) ;
                                         for ( int i = 0 ;
                                         i < n ;
                                         i ++ ) {
                                           System . out . format ( "Case #%d:" , i + 1 ) ;
                                           l = scanner . nextLine ( ) ;
                                           int nEngines = Integer . parseInt ( l ) ;
                                           List < String > engines = new ArrayList < String > ( ) ;
                                           for ( int j = 0 ;
                                           j < nEngines ;
                                           j ++ ) {
                                             l = scanner . nextLine ( ) ;
                                             engines . add ( l . trim ( ) ) ;
                                           }
                                           l = scanner . nextLine ( ) ;
                                           int nSearches = Integer . parseInt ( l ) ;
                                           List < String > remaining = engines . stream ( ) . collect ( Collectors . toList ( ) ) ;
                                           int switches = 0 ;
                                           for ( int j = 0 ;
                                           j < nSearches ;
                                           j ++ ) {
                                             l = scanner . nextLine ( ) ;
                                             String search = l . trim ( ) ;
                                             if ( remaining . contains ( search ) ) {
                                               remaining . remove ( search ) ;
                                               if ( remaining . isEmpty ( ) ) {
                                                 switches ++ ;
                                                 remaining = engines . stream ( ) . collect ( Collectors . toList ( ) ) ;
                                                 remaining . remove ( search ) ;
                                               }
                                             }
                                           }
                                           System . out . println ( switches ) ;
                                         }
                                       }
                                     }
                                     
INFO - 09/19/23 13:01:48 - 0:00:25 - SAVING FILE TO-->/Users/antique/Desktop/transclone/storage/systems_converted/data_1/2.java
INFO - 09/19/23 13:01:48 - 0:00:25 - CONVERTING --> 2.java
INFO - 09/19/23 13:01:48 - 0:00:25 - CONVERTING --> 0.py
Loading codes from /Users/antique/Desktop/transclone/data/bpe/cpp-java-python/codes ...
Read 50000 codes from the codes file.
INFO - 09/19/23 13:02:21 - 0:00:58 - static final String cvBase ( int n , int base ) {
                                       final int [ ] arr = new int [ 1 ] ;
                                       while ( n > 0 ) {
                                         arr [ 0 ] = n % base ;
                                         n /= base ;
                                       }
                                       return String . valueOf ( search ( 0 ) ) ;
                                       /* Process all cases */
                                       int n_case = Integer . parseInt ( System . in . readLine ( ) ) ;
                                       for ( int i = 0 ;
                                       i < n_case ;
                                       i ++ ) {
                                         System . out . printf ( "Case #%d: %s%n" , i + 1 , proc_case ( ) ) ;
                                       }
                                       /* Process all cases */
                                       System . setRecursionDesired ( 1000 * 1000 * 500 ) ;
                                       /* Process all cases */
                                       System . setRecursionDesired ( 1000 * 1000 * 500 ) ;
                                       /* Process all cases */
                                       System . setRecursionDesired ( 1000 * 1000 * 500 ) ;
                                       /* Process all cases */
                                       System . setRecursionDesired ( 1000 * 1000 * 500 ) ;
                                       /* Process all cases */
                                       System . setRecursionDesired ( 1000 * 1000 * 500 ) ;
                                       /* Process all cases */
                                       System . setRecursionDesired ( 1000 * 1000 * 500 ) ;
                                       /* Process all cases */
                                       System . setRecursionDesired ( 1000 * 1000 * 500 ) ;
                                       /* Process all cases */
                                       System . setRecursionDesired ( 1000 * 1000 * 500 ) ;
                                       /* Process all cases */
                                       System . setRecursionDesired ( 1000 * 1000 * 500 ) ;
                                       /* Process all cases */
                                       System . setRecursionDesired ( 1000 * 1000 ) ;
                                       /* Process all cases */
                                       System . setRecursionDesired ( 1000 * 1000 ) ;
                                       /* Process all cases */
                                       System . setRecursionDesired ( 1000 * 1000 ) ;
                                       /* Process all cases */
                                       System . setRecursionDesired ( 1000 * 1000 ) ;
                                       /* Process all cases */
                                       System . setRecursionDesired ( 1000 * 1000 ) ;
                                       /* Process all cases */
                                       System . setRecursionDesired ( 1000 * 1000 ) ;
                                       /* Process all cases */
                                       System . setRecursionDesired ( 1000 * 1000 ) ;
                                       /* Process all cases */
                                       System . setRecursionDesired ( 1000 * 1000 ) ;
                                       /* Process all cases */
                                       System . setRecursionDesired ( 1000 * 1000 ) ;
                                       / * ▁
INFO - 09/19/23 13:02:21 - 0:00:58 - SAVING FILE TO-->/Users/antique/Desktop/transclone/storage/systems_converted/data_1/0.java
INFO - 09/19/23 13:02:21 - 0:00:58 - CONVERTING --> 1.java
INFO - 09/19/23 13:02:21 - 0:00:58 - CONVERTING --> 1.py
INFO - 09/19/23 13:02:21 - 0:00:58 - CONVERTING --> 0.java
INFO - 09/19/23 13:02:21 - 0:00:58 - **** CONVERTED ALL FILES ****
INFO - 09/19/23 13:02:21 - 0:00:58 - **** ERRORS ARE SAVED IN: /Users/antique/Desktop/transclone/errors.txt ****
INFO - 09/19/23 13:02:21 - 0:00:58 - CONVERTING --> one.py
Loading codes from /Users/antique/Desktop/transclone/data/bpe/cpp-java-python/codes ...
Read 50000 codes from the codes file.
INFO - 09/19/23 13:02:22 - 0:00:59 - static void print ( "hello world" ) {
                                     }
                                     
INFO - 09/19/23 13:02:22 - 0:00:59 - SAVING FILE TO-->/Users/antique/Desktop/transclone/storage/systems_converted/test_dir/one.java
INFO - 09/19/23 13:02:22 - 0:00:59 - 
                                      Language not supported ******.DS_Store******
INFO - 09/19/23 13:02:22 - 0:00:59 - CONVERTING --> one.java
INFO - 09/19/23 13:02:22 - 0:00:59 - CONVERTING --> one_test.java
INFO - 09/19/23 13:02:22 - 0:00:59 - CONVERTING --> one_test.py
INFO - 09/19/23 13:02:22 - 0:00:59 - **** CONVERTED ALL FILES ****
INFO - 09/19/23 13:02:22 - 0:00:59 - **** ERRORS ARE SAVED IN: /Users/antique/Desktop/transclone/errors.txt ****
INFO - 09/19/23 13:02:22 - 0:00:59 - CONVERTING --> 4905607.java
INFO - 09/19/23 13:02:22 - 0:00:59 - CONVERTING --> 4905607.py
INFO - 09/19/23 13:02:22 - 0:00:59 - CONVERTING --> 4904274.py
Loading codes from /Users/antique/Desktop/transclone/data/bpe/cpp-java-python/codes ...
Read 50000 codes from the codes file.
INFO - 09/19/23 13:02:29 - 0:01:06 - ) public static void main ( String n , String x ) {
                                       int [ ] a = new int [ n ] ;
                                       for ( int i = 0 ;
                                       i < n ;
                                       i ++ ) a [ i ] = Integer . parseInt ( x ) ;
                                       int price = 0 ;
                                       String s = Integer . toBinaryString ( x ) ;
                                       for ( int i = s . length ( ) - 1 ;
                                       i >= 0 ;
                                       i -- ) {
                                         if ( s . charAt ( s . length ( ) - 1 - i ) == "1" ) {
                                           price += a [ i ] ;
                                         }
                                       }
                                       System . out . println ( price ) ;
                                     }
                                     
INFO - 09/19/23 13:02:29 - 0:01:06 - SAVING FILE TO-->/Users/antique/Desktop/transclone/storage/systems_converted/data_2/4904274.java
INFO - 09/19/23 13:02:29 - 0:01:06 - CONVERTING --> 3326588.java
INFO - 09/19/23 13:02:29 - 0:01:06 - CONVERTING --> 4903884.java
INFO - 09/19/23 13:02:29 - 0:01:06 - CONVERTING --> 3430290.java
INFO - 09/19/23 13:02:29 - 0:01:06 - CONVERTING --> 3446938.java
INFO - 09/19/23 13:02:29 - 0:01:06 - CONVERTING --> 4903884.py
INFO - 09/19/23 13:02:29 - 0:01:06 - CONVERTING --> 4904274.java
INFO - 09/19/23 13:02:29 - 0:01:06 - **** CONVERTED ALL FILES ****
INFO - 09/19/23 13:02:29 - 0:01:06 - **** ERRORS ARE SAVED IN: /Users/antique/Desktop/transclone/errors.txt ****
INFO - 09/19/23 13:02:29 - 0:01:06 - ***saved in /storage/systems_converted***
INFO - 09/19/23 13:02:29 - 0:01:06 - ****PAIRS SAVED IN-->./storage/pairs.csv****
INFO - 09/19/23 13:02:29 - 0:01:06 - ***generated Pairs***
/Users/antique/Desktop/transclone/venv/lib/python3.11/site-packages/torch_geometric/deprecation.py:22: UserWarning: 'nn.glob.GlobalAttention' is deprecated, use 'nn.aggr.AttentionalAggregation' instead
  warnings.warn(out)
INFO - 09/19/23 13:02:30 - 0:01:07 - ***saved in: storage/predictions***
INFO - 09/19/23 13:02:30 - 0:01:07 - Source language:python
                                     Target language:java
                                     Threshold:0
                                     Numnber of clone pairs: 46
                                     Number of non-clone pairs: 20
                                     Percentage of clone pairs: 69.69999999999999%
                                     Percentege of non-clone pairs: 30.3%
adding to path /Users/antique/Desktop/transclone
/Users/antique/Desktop/transclone
/Users/antique/Desktop/transclone/storage/systems/
/Users/antique/Desktop/transclone/storage/systems/data_1
/Users/antique/Desktop/transclone/storage/systems_converted/data_1/3.java
/Users/antique/Desktop/transclone/storage/systems_converted/data_1/2.java
Tokenized python_sa function:
['import', 'sys', 'NEW_LINE', 'from', 'math', 'import', 'sqrt', 'NEW_LINE', 'l', '=', 'sys', '.', 'stdin', '.', 'readline', '(', ')', 'NEW_LINE', 'n', '=', 'int', '(', 'l', ')', 'NEW_LINE', 'for', 'i', 'in', 'range', '(', 'n', ')', ':', 'NEW_LINE', 'INDENT', 'print', "' Case ▁ # % d : '", '%', '(', 'i', '+', '1', ',', ')', ',', 'NEW_LINE', 'l', '=', 'sys', '.', 'stdin', '.', 'readline', '(', ')', 'NEW_LINE', 'n_engines', '=', 'int', '(', 'l', ')', 'NEW_LINE', 'engines', '=', '[', ']', 'NEW_LINE', 'for', 'j', 'in', 'range', '(', 'n_engines', ')', ':', 'NEW_LINE', 'INDENT', 'l', '=', 'sys', '.', 'stdin', '.', 'readline', '(', ')', 'NEW_LINE', 'engines', '.', 'append', '(', 'l', '.', 'strip', '(', ')', ')', 'NEW_LINE', 'DEDENT', 'l', '=', 'sys', '.', 'stdin', '.', 'readline', '(', ')', 'NEW_LINE', 'n_searches', '=', 'int', '(', 'l', ')', 'NEW_LINE', 'remaining', '=', 'engines', '[', ':', ']', 'NEW_LINE', 'switches', '=', '0', 'NEW_LINE', 'for', 'j', 'in', 'range', '(', 'n_searches', ')', ':', 'NEW_LINE', 'INDENT', 'l', '=', 'sys', '.', 'stdin', '.', 'readline', '(', ')', 'NEW_LINE', 'search', '=', 'l', '.', 'strip', '(', ')', 'NEW_LINE', 'if', 'search', 'in', 'remaining', ':', 'NEW_LINE', 'INDENT', 'remaining', '.', 'remove', '(', 'search', ')', 'NEW_LINE', 'if', 'not', 'remaining', ':', 'NEW_LINE', 'INDENT', 'switches', '+=', '1', 'NEW_LINE', 'remaining', '=', 'engines', '[', ':', ']', 'NEW_LINE', 'remaining', '.', 'remove', '(', 'search', ')', 'NEW_LINE', 'DEDENT', 'DEDENT', 'DEDENT', 'print', 'switches', 'NEW_LINE', 'DEDENT']
/Users/antique/Desktop/transclone/storage/systems_converted/data_1/2.java
/Users/antique/Desktop/transclone/storage/systems_converted/data_1/0.java
Tokenized python_sa function:
['import', 'sys', 'NEW_LINE', 'def', 'cv_base', '(', 'n', ',', 'base', ')', ':', 'NEW_LINE', 'INDENT', 'arr', '=', '[', ']', 'NEW_LINE', 'while', 'n', '>', '0', ':', 'NEW_LINE', 'INDENT', 'arr', '.', 'append', '(', 'n', '%', 'base', ')', 'NEW_LINE', 'n', '/=', 'base', 'NEW_LINE', 'DEDENT', 'return', 'arr', 'NEW_LINE', 'DEDENT', 'def', 'cv_base10', '(', 'arr', ',', 'base', ')', ':', 'NEW_LINE', 'INDENT', 'n', '=', '0', 'NEW_LINE', 'for', 'x', 'in', 'reversed', '(', 'arr', ')', ':', 'NEW_LINE', 'INDENT', 'n', '*=', 'base', 'NEW_LINE', 'n', '+=', 'x', 'NEW_LINE', 'DEDENT', 'return', 'n', 'NEW_LINE', 'DEDENT', 'def', 'replace_by', '(', 'ls', ',', 'ma', ')', ':', 'NEW_LINE', 'INDENT', 'return', 'map', '(', 'lambda', 'k', ':', 'ma', '[', 'k', ']', ',', 'ls', ')', 'NEW_LINE', 'DEDENT', 'def', 'calc', '(', 's', ')', ':', 'NEW_LINE', 'INDENT', 'n', ',', 'l_from', ',', 'l_to', '=', 's', '.', 'split', '(', ')', 'NEW_LINE', 'fw1', '=', 'dict', '(', 'map', '(', 'lambda', '(', 'x', ',', 'y', ')', ':', '(', 'y', ',', 'x', ')', ',', 'enumerate', '(', 'l_from', ')', ')', ')', 'NEW_LINE', 'fw2', '=', 'dict', '(', 'enumerate', '(', 'l_to', ')', ')', 'NEW_LINE', 'n_normal', '=', 'cv_base10', '(', 'replace_by', '(', 'reversed', '(', 'n', ')', ',', 'fw1', ')', ',', 'len', '(', 'l_from', ')', ')', 'NEW_LINE', 'n_temp', '=', 'cv_base', '(', 'n_normal', ',', 'len', '(', 'l_to', ')', ')', 'NEW_LINE', 'if', 'n_normal', '==', '0', ':', 'NEW_LINE', 'INDENT', 'return', 'fw2', '[', '0', ']', 'NEW_LINE', 'DEDENT', 'else', ':', 'NEW_LINE', 'INDENT', 'return', "' '", '.', 'join', '(', 'reversed', '(', 'replace_by', '(', 'n_temp', ',', 'fw2', ')', ')', ')', 'NEW_LINE', 'DEDENT', 'DEDENT', 'def', 'fetch_lines', '(', 'n', ')', ':', 'NEW_LINE', 'INDENT', 'return', 'map', '(', 'lambda', 'i', ':', 'sys', '.', 'stdin', '.', 'readline', '(', ')', '.', 'rstrip', '(', ')', ',', 'range', '(', 'n', ')', ')', 'NEW_LINE', 'DEDENT', 'def', 'replace_all', '(', 'ls', ',', 'table', ')', ':', 'NEW_LINE', 'INDENT', 'return', 'map', '(', 'lambda', 'x', ':', 'table', '[', 'x', ']', ',', 'ls', ')', 'NEW_LINE', 'DEDENT', 'def', 'proc_case', '(', ')', ':', 'NEW_LINE', 'INDENT', 'n_s', '=', 'int', '(', 'sys', '.', 'stdin', '.', 'readline', '(', ')', '.', 'rstrip', '(', ')', ')', 'NEW_LINE', 'ss', '=', 'fetch_lines', '(', 'n_s', ')', 'NEW_LINE', 'n_q', '=', 'int', '(', 'sys', '.', 'stdin', '.', 'readline', '(', ')', '.', 'rstrip', '(', ')', ')', 'NEW_LINE', 'qs', '=', 'fetch_lines', '(', 'n_q', ')', 'NEW_LINE', 'if', 'n_q', '==', '0', ':', 'return', "'0'", 'NEW_LINE', 'table', '=', 'dict', '(', 'zip', '(', 'ss', ',', 'range', '(', 'n_s', ')', ')', ')', 'NEW_LINE', 'qs', '=', 'replace_all', '(', 'qs', ',', 'table', ')', 'NEW_LINE', 'all_ids', '=', 'set', '(', 'range', '(', 'n_s', ')', ')', 'NEW_LINE', 'qs_co', '=', 'map', '(', 'lambda', 'x', ':', 'all_ids', '-', 'set', '(', '[', 'x', ']', ')', ',', 'qs', ')', 'NEW_LINE', 'def', 's_length', '(', 'pos_from', ',', 's_id', ')', ':', 'NEW_LINE', 'INDENT', 'cnt', '=', '0', 'NEW_LINE', 'for', 'ss', 'in', 'qs_co', '[', 'pos_from', ':', ']', ':', 'NEW_LINE', 'INDENT', 'if', 's_id', 'in', 'ss', ':', 'NEW_LINE', 'INDENT', 'cnt', '+=', '1', 'NEW_LINE', 'DEDENT', 'else', ':', 'NEW_LINE', 'INDENT', 'break', 'NEW_LINE', 'DEDENT', 'DEDENT', 'return', 'cnt', 'NEW_LINE', 'DEDENT', 'def', 'search', '(', 'pos', ')', ':', 'NEW_LINE', 'INDENT', 'if', 'pos', '>=', 'n_q', ':', 'return', '-', '1', 'NEW_LINE', 'runs', '=', 'map', '(', 'lambda', 'x', ':', '(', 'x', ',', 's_length', '(', 'pos', ',', 'x', ')', ')', ',', 'qs_co', '[', 'pos', ']', ')', 'NEW_LINE', 'm_length', '=', 'max', '(', 'map', '(', 'lambda', 'x', ':', 'x', '[', '1', ']', ',', 'runs', ')', ')', 'NEW_LINE', 'runs', '=', 'filter', '(', 'lambda', 'x', ':', 'x', '[', '1', ']', '==', 'm_length', ',', 'runs', ')', 'NEW_LINE', 's_id_next', '=', 'map', '(', 'lambda', 'x', ':', 'x', '[', '0', ']', ',', 'runs', ')', 'NEW_LINE', 'return', '1', '+', 'min', '(', 'map', '(', 'lambda', 's_id_n', ':', 'search', '(', 'pos', '+', 'm_length', ')', ',', 's_id_next', ')', ')', 'NEW_LINE', 'DEDENT', 'return', 'str', '(', 'search', '(', '0', ')', ')', 'NEW_LINE', 'DEDENT', 'def', 'proc_all', '(', ')', ':', 'NEW_LINE', 'INDENT', 'n_case', '=', 'int', '(', 'sys', '.', 'stdin', '.', 'readline', '(', ')', '.', 'rstrip', '(', ')', ')', 'NEW_LINE', 'for', 'i', 'in', 'range', '(', 'n_case', ')', ':', 'NEW_LINE', 'INDENT', 'print', "' Case ▁ # % d : ▁ % s '", '%', '(', 'i', '+', '1', ',', 'proc_case', '(', ')', ')', 'NEW_LINE', 'DEDENT', 'DEDENT', 'sys', '.', 'setrecursionlimit', '(', '1000', '*', '1000', '*', '500', ')', 'NEW_LINE', 'proc_all', '(', ')', 'NEW_LINE']
/Users/antique/Desktop/transclone/storage/systems_converted/data_1/1.java
/Users/antique/Desktop/transclone/storage/systems_converted/data_1/1.java
/Users/antique/Desktop/transclone/storage/systems_converted/data_1/0.java
/Users/antique/Desktop/transclone/storage/systems/test_dir
/Users/antique/Desktop/transclone/storage/systems_converted/test_dir/one.java
Tokenized python_sa function:
['print', '(', '" hello ▁ world "', ')', 'NEW_LINE']
/Users/antique/Desktop/transclone/storage/systems_converted/test_dir/one.java
/Users/antique/Desktop/transclone/storage/systems_converted/test_dir/one_test.java
/Users/antique/Desktop/transclone/storage/systems_converted/test_dir/one_test.java
/Users/antique/Desktop/transclone/storage/systems/data_2
/Users/antique/Desktop/transclone/storage/systems_converted/data_2/4905607.java
/Users/antique/Desktop/transclone/storage/systems_converted/data_2/4905607.java
/Users/antique/Desktop/transclone/storage/systems_converted/data_2/4904274.java
Tokenized python_sa function:
['[', 'n', ',', 'x', ']', '=', '[', 'int', '(', 'i', ')', 'for', 'i', 'in', 'input', '(', ')', '.', 'split', '(', ')', ']', 'NEW_LINE', 'a', '=', '[', 'int', '(', 'i', ')', 'for', 'i', 'in', 'input', '(', ')', '.', 'split', '(', ')', ']', 'NEW_LINE', 'price', '=', '0', 'NEW_LINE', 's', '=', 'bin', '(', 'x', ')', '[', '2', ':', ']', 'NEW_LINE', 'for', 'i', 'in', 'range', '(', 'len', '(', 's', ')', '-', '1', ',', '-', '1', ',', '-', '1', ')', ':', 'NEW_LINE', 'INDENT', 'if', 's', '[', 'len', '(', 's', ')', '-', '1', '-', 'i', ']', '==', '"1"', ':', 'NEW_LINE', 'INDENT', 'price', '+=', 'a', '[', 'i', ']', 'NEW_LINE', 'DEDENT', 'DEDENT', 'print', '(', 'price', ')', 'NEW_LINE']
/Users/antique/Desktop/transclone/storage/systems_converted/data_2/3326588.java
/Users/antique/Desktop/transclone/storage/systems_converted/data_2/4903884.java
/Users/antique/Desktop/transclone/storage/systems_converted/data_2/3430290.java
/Users/antique/Desktop/transclone/storage/systems_converted/data_2/3446938.java
/Users/antique/Desktop/transclone/storage/systems_converted/data_2/4903884.java
/Users/antique/Desktop/transclone/storage/systems_converted/data_2/4904274.java
/Users/antique/Desktop/transclone/storage/systems_converted/test_dir/one.java
/Users/antique/Desktop/transclone/storage/systems_converted/data_2/3326588.java
/Users/antique/Desktop/transclone/storage/systems_converted/data_2/4905607.java
/Users/antique/Desktop/transclone/storage/systems_converted/data_2/4903884.java
/Users/antique/Desktop/transclone/storage/systems_converted/test_dir/one_test.java
/Users/antique/Desktop/transclone/storage/systems_converted/data_2/3430290.java
/Users/antique/Desktop/transclone/storage/systems_converted/data_2/4904274.java
/Users/antique/Desktop/transclone/storage/systems_converted/data_1/3.java
/Users/antique/Desktop/transclone/storage/systems_converted/data_1/0.java
/Users/antique/Desktop/transclone/storage/systems_converted/data_1/1.java
/Users/antique/Desktop/transclone/storage/systems_converted/data_1/2.java
/Users/antique/Desktop/transclone/storage/systems_converted/data_2/3446938.java
